Thu May  7 12:00:01 PM UTC 2026: 🤖 Генерируем пост на тему: Этика искусственного интеллекта: вызовы и решения
Thu May  7 12:03:51 PM UTC 2026: ✅ Пост сгенерирован
✅ Готово!
Thu May  7 04:00:01 PM UTC 2026: 🤖 Генерируем пост на тему: Нейросети: новые архитектуры и модели 2026
Thu May  7 04:00:33 PM UTC 2026: ✅ Пост сгенерирован
✅ Готово!
Thu May  7 08:00:01 PM UTC 2026: 🤖 Генерируем пост на тему: Этика искусственного интеллекта: вызовы и решения
Thu May  7 08:00:22 PM UTC 2026: ✅ Пост сгенерирован
✅ Готово!
Fri May  8 12:00:01 AM UTC 2026: 🤖 Генерируем пост на тему: Нейросети: новые архитектуры и модели 2026
Fri May  8 12:01:05 AM UTC 2026: ✅ Пост сгенерирован
✅ Готово!
Fri May  8 04:00:01 AM UTC 2026: 🤖 Генерируем пост на тему: Этика искусственного интеллекта: вызовы и решения
Fri May  8 04:00:33 AM UTC 2026: ✅ Пост сгенерирован
✅ Готово!
Fri May  8 08:00:02 AM UTC 2026: 🤖 Генерируем пост на тему: Нейросети: новые архитектуры и модели 2026
Fri May  8 08:00:48 AM UTC 2026: ✅ Пост сгенерирован
✅ Готово!
Fri May  8 12:00:01 PM UTC 2026: 🤖 Генерируем пост на тему: Этика искусственного интеллекта: вызовы и решения
Fri May  8 12:00:15 PM UTC 2026: ✅ Пост сгенерирован
✅ Готово!
Fri May  8 04:00:01 PM UTC 2026: 🤖 Генерируем пост на тему: Нейросети: новые архитектуры и модели 2026
Fri May  8 04:00:14 PM UTC 2026: ✅ Пост сгенерирован
✅ Готово!
Fri May  8 08:00:01 PM UTC 2026: 🤖 Генерируем пост на тему: Этика искусственного интеллекта: вызовы и решения
Fri May  8 08:00:43 PM UTC 2026: ✅ Пост сгенерирован
✅ Готово!
Sat May  9 12:00:01 AM UTC 2026: 🤖 Генерируем пост на тему: Нейросети: новые архитектуры и модели 2026
Sat May  9 12:00:35 AM UTC 2026: ✅ Пост сгенерирован
✅ Готово!
Sat May  9 04:00:01 AM UTC 2026: 🤖 Генерируем пост на тему: Этика искусственного интеллекта: вызовы и решения
Sat May  9 08:00:01 AM UTC 2026: 🤖 Генерируем пост на тему: Нейросети: новые архитектуры и модели 2026
Sat May  9 08:00:44 AM UTC 2026: ✅ Пост сгенерирован
✅ Готово!
Sat May  9 12:00:01 PM UTC 2026: 🤖 Генерируем пост на тему: Этика искусственного интеллекта: вызовы и решения
Sat May  9 12:00:40 PM UTC 2026: ✅ Пост сгенерирован
✅ Готово!
Sat May  9 04:00:01 PM UTC 2026: 🤖 Генерируем пост на тему: Нейросети: новые архитектуры и модели 2026
Sat May  9 04:00:17 PM UTC 2026: ✅ Пост сгенерирован
✅ Готово!
Sat May  9 08:00:01 PM UTC 2026: 🤖 Генерируем пост на тему: Этика искусственного интеллекта: вызовы и решения
Sat May  9 08:00:51 PM UTC 2026: ✅ Пост сгенерирован
✅ Готово!
Sun May 10 12:00:01 AM UTC 2026: 🤖 Генерируем пост на тему: Нейросети: новые архитектуры и модели 2026
Sun May 10 12:01:58 AM UTC 2026: ✅ Пост сгенерирован
✅ Готово!
Sun May 10 04:00:01 AM UTC 2026: 🤖 Генерируем пост на тему: Этика искусственного интеллекта: вызовы и решения
Sun May 10 04:00:18 AM UTC 2026: ✅ Пост сгенерирован
✅ Готово!
Sun May 10 08:00:01 AM UTC 2026: 🤖 Генерируем пост на тему: Нейросети: новые архитектуры и модели 2026
Sun May 10 08:00:27 AM UTC 2026: ✅ Пост сгенерирован
✅ Готово!
Sun May 10 12:00:01 PM UTC 2026: 🤖 Генерируем пост на тему: Этика искусственного интеллекта: вызовы и решения
Sun May 10 12:00:20 PM UTC 2026: ✅ Пост сгенерирован
✅ Готово!
Sun May 10 04:00:01 PM UTC 2026: 🤖 Генерируем пост на тему: Нейросети: новые архитектуры и модели 2026
Sun May 10 08:00:01 PM UTC 2026: 🤖 Генерируем пост на тему: Этика искусственного интеллекта: вызовы и решения
Sun May 10 08:01:08 PM UTC 2026: ✅ Пост сгенерирован
✅ Готово!
Mon May 11 12:00:01 AM UTC 2026: 🤖 Генерируем пост на тему: Нейросети: новые архитектуры и модели 2026
Mon May 11 12:00:50 AM UTC 2026: ✅ Пост сгенерирован
✅ Готово!
Mon May 11 04:00:01 AM UTC 2026: 🤖 Генерируем пост на тему: Этика искусственного интеллекта: вызовы и решения
Mon May 11 04:27:24 AM UTC 2026: ✅ Пост сгенерирован
✅ Готово!
Mon May 11 08:00:01 AM UTC 2026: 🤖 Генерируем пост на тему: Нейросети: новые архитектуры и модели 2026
Mon May 11 12:00:01 PM UTC 2026: 🤖 Генерируем пост на тему: Этика искусственного интеллекта: вызовы и решения
Mon May 11 12:00:15 PM UTC 2026: ✅ Пост сгенерирован
✅ Готово!
Mon May 11 04:00:01 PM UTC 2026: 🤖 Генерируем пост на тему: Нейросети: новые архитектуры и модели 2026
Mon May 11 08:00:01 PM UTC 2026: 🤖 Генерируем пост на тему: Этика искусственного интеллекта: вызовы и решения
Mon May 11 08:00:18 PM UTC 2026: ✅ Пост сгенерирован
✅ Готово!
Tue May 12 12:00:01 AM UTC 2026: 🤖 Генерируем пост на тему: Нейросети: новые архитектуры и модели 2026
Tue May 12 12:00:13 AM UTC 2026: ✅ Пост сгенерирован
✅ Готово!
Tue May 12 04:00:01 AM UTC 2026: 🤖 Генерируем пост на тему: Этика искусственного интеллекта: вызовы и решения
Tue May 12 04:00:10 AM UTC 2026: ✅ Пост сгенерирован
✅ Готово!
Tue May 12 08:00:02 AM UTC 2026: 🤖 Генерируем пост на тему: Нейросети: новые архитектуры и модели 2026
Tue May 12 08:00:19 AM UTC 2026: ✅ Пост сгенерирован
✅ Готово!
Tue May 12 12:00:01 PM UTC 2026: 🤖 Генерируем пост на тему: Этика искусственного интеллекта: вызовы и решения
Tue May 12 04:00:01 PM UTC 2026: 🤖 Генерируем пост на тему: Нейросети: новые архитектуры и модели 2026
Tue May 12 04:00:13 PM UTC 2026: ✅ Пост сгенерирован
✅ Готово!
Tue May 12 08:00:01 PM UTC 2026: 🤖 Генерируем пост на тему: Этика искусственного интеллекта: вызовы и решения
Tue May 12 08:00:16 PM UTC 2026: ✅ Пост сгенерирован
✅ Готово!
Wed May 13 12:00:01 AM UTC 2026: 🤖 Генерируем пост на тему: Нейросети: новые архитектуры и модели 2026
Wed May 13 12:01:34 AM UTC 2026: ✅ Пост сгенерирован
✅ Готово!
Wed May 13 04:00:02 AM UTC 2026: 🤖 Генерируем пост на тему: Этика искусственного интеллекта: вызовы и решения
Wed May 13 04:00:22 AM UTC 2026: ✅ Пост сгенерирован
✅ Готово!
Wed May 13 08:00:01 AM UTC 2026: 🤖 Генерируем пост на тему: Нейросети: новые архитектуры и модели 2026
Wed May 13 08:01:01 AM UTC 2026: ✅ Пост сгенерирован
✅ Готово!
Wed May 13 12:00:01 PM UTC 2026: 🤖 Генерируем пост на тему: Этика искусственного интеллекта: вызовы и решения
Wed May 13 12:00:40 PM UTC 2026: ✅ Пост сгенерирован
✅ Готово!
Wed May 13 04:00:01 PM UTC 2026: 🤖 Генерируем пост на тему: Нейросети: новые архитектуры и модели 2026
Wed May 13 04:00:45 PM UTC 2026: ✅ Пост сгенерирован
✅ Готово!
Wed May 13 08:00:01 PM UTC 2026: 🤖 Генерируем пост на тему: Этика искусственного интеллекта: вызовы и решения
Wed May 13 08:00:26 PM UTC 2026: ✅ Пост сгенерирован
✅ Готово!
Thu May 14 12:00:01 AM UTC 2026: 🤖 Генерируем пост на тему: Нейросети: новые архитектуры и модели 2026
Thu May 14 12:00:24 AM UTC 2026: ✅ Пост сгенерирован
✅ Готово!
Thu May 14 04:00:01 AM UTC 2026: 🤖 Генерируем пост на тему: Этика искусственного интеллекта: вызовы и решения
Thu May 14 08:00:01 AM UTC 2026: 🤖 Генерируем пост на тему: Нейросети: новые архитектуры и модели 2026
Thu May 14 08:00:40 AM UTC 2026: ✅ Пост сгенерирован
✅ Готово!
Thu May 14 12:00:02 PM UTC 2026: 🤖 Генерируем пост на тему: Этика искусственного интеллекта: вызовы и решения
Thu May 14 12:01:05 PM UTC 2026: ✅ Пост сгенерирован
✅ Готово!
Thu May 14 04:00:01 PM UTC 2026: 🤖 Генерируем пост на тему: Нейросети: новые архитектуры и модели 2026
Thu May 14 04:00:50 PM UTC 2026: ✅ Пост сгенерирован
✅ Готово!
Thu May 14 08:00:01 PM UTC 2026: 🤖 Генерируем пост на тему: Этика искусственного интеллекта: вызовы и решения
Thu May 14 08:00:27 PM UTC 2026: ✅ Пост сгенерирован
✅ Готово!
Fri May 15 12:00:01 AM UTC 2026: 🤖 Генерируем пост на тему: Нейросети: новые архитектуры и модели 2026
Fri May 15 12:00:50 AM UTC 2026: ✅ Пост сгенерирован
✅ Готово!
Fri May 15 04:00:01 AM UTC 2026: 🤖 Генерируем пост на тему: Этика искусственного интеллекта: вызовы и решения
Fri May 15 08:00:01 AM UTC 2026: 🤖 Генерируем пост на тему: Нейросети: новые архитектуры и модели 2026
Fri May 15 08:00:35 AM UTC 2026: ✅ Пост сгенерирован
✅ Готово!
Fri May 15 12:00:01 PM UTC 2026: 🤖 Генерируем пост на тему: Этика искусственного интеллекта: вызовы и решения
Fri May 15 12:00:21 PM UTC 2026: ✅ Пост сгенерирован
✅ Готово!
Fri May 15 04:00:01 PM UTC 2026: 🤖 Генерируем пост на тему: Нейросети: новые архитектуры и модели 2026
Fri May 15 04:01:58 PM UTC 2026: ✅ Пост сгенерирован
✅ Готово!
Fri May 15 08:00:01 PM UTC 2026: 🤖 Генерируем пост на тему: Этика искусственного интеллекта: вызовы и решения
Fri May 15 08:00:29 PM UTC 2026: ✅ Пост сгенерирован
✅ Готово!
Sat May 16 12:00:01 AM UTC 2026: 🤖 Генерируем пост на тему: Нейросети: новые архитектуры и модели 2026
Sat May 16 12:00:55 AM UTC 2026: ✅ Пост сгенерирован
✅ Готово!
Sat May 16 04:00:01 AM UTC 2026: 🤖 Генерируем пост на тему: Этика искусственного интеллекта: вызовы и решения
Sat May 16 04:00:20 AM UTC 2026: ✅ Пост сгенерирован
✅ Готово!
Sat May 16 08:00:01 AM UTC 2026: 🤖 Генерируем пост на тему: Нейросети: новые архитектуры и модели 2026
Sat May 16 08:01:01 AM UTC 2026: ✅ Пост сгенерирован
✅ Готово!
Sat May 16 12:00:01 PM UTC 2026: 🤖 Генерируем пост на тему: Этика искусственного интеллекта: вызовы и решения
Sat May 16 04:00:01 PM UTC 2026: 🤖 Генерируем пост на тему: Нейросети: новые архитектуры и модели 2026
Sat May 16 04:00:26 PM UTC 2026: ✅ Пост сгенерирован
✅ Готово!
Sat May 16 08:00:01 PM UTC 2026: 🤖 Генерируем пост на тему: Этика искусственного интеллекта: вызовы и решения
Sat May 16 08:01:19 PM UTC 2026: ✅ Пост сгенерирован
✅ Готово!
Sun May 17 12:00:01 AM UTC 2026: 🤖 Генерируем пост на тему: Нейросети: новые архитектуры и модели 2026
Sun May 17 12:00:16 AM UTC 2026: ✅ Пост сгенерирован
✅ Готово!
Sun May 17 04:00:01 AM UTC 2026: 🤖 Генерируем пост на тему: Этика искусственного интеллекта: вызовы и решения
Sun May 17 08:00:01 AM UTC 2026: 🤖 Генерируем пост на тему: Нейросети: новые архитектуры и модели 2026
Sun May 17 08:00:19 AM UTC 2026: ✅ Пост сгенерирован
✅ Готово!
Sun May 17 12:00:01 PM UTC 2026: 🤖 Генерируем пост на тему: Этика искусственного интеллекта: вызовы и решения
Sun May 17 12:00:45 PM UTC 2026: ✅ Пост сгенерирован
✅ Готово!
Sun May 17 04:00:01 PM UTC 2026: 🤖 Генерируем пост на тему: Нейросети: новые архитектуры и модели 2026
Sun May 17 08:00:01 PM UTC 2026: 🤖 Генерируем пост на тему: Этика искусственного интеллекта: вызовы и решения
Mon May 18 12:00:01 AM UTC 2026: 🤖 Генерируем пост на тему: Нейросети: новые архитектуры и модели 2026
Mon May 18 12:02:24 AM UTC 2026: ✅ Пост сгенерирован
✅ Готово!
Mon May 18 04:00:01 AM UTC 2026: 🤖 Генерируем пост на тему: Этика искусственного интеллекта: вызовы и решения
Mon May 18 04:00:31 AM UTC 2026: ✅ Пост сгенерирован
✅ Готово!
Mon May 18 08:00:01 AM UTC 2026: 🤖 Генерируем пост на тему: Нейросети: новые архитектуры и модели 2026
Mon May 18 08:00:23 AM UTC 2026: ✅ Пост сгенерирован
✅ Готово!
Mon May 18 12:00:01 PM UTC 2026: 🤖 Генерируем пост на тему: Этика искусственного интеллекта: вызовы и решения
Mon May 18 12:00:43 PM UTC 2026: ✅ Пост сгенерирован
✅ Готово!
Mon May 18 04:00:01 PM UTC 2026: 🤖 Генерируем пост на тему: Нейросети: новые архитектуры и модели 2026
Mon May 18 08:00:02 PM UTC 2026: 🤖 Генерируем пост на тему: Этика искусственного интеллекта: вызовы и решения
Mon May 18 08:00:44 PM UTC 2026: ✅ Пост сгенерирован
✅ Готово!
Tue May 19 12:00:01 AM UTC 2026: 🤖 Генерируем пост на тему: Нейросети: новые архитектуры и модели 2026
Tue May 19 12:01:27 AM UTC 2026: ✅ Пост сгенерирован
✅ Готово!
Tue May 19 04:00:01 AM UTC 2026: 🤖 Генерируем пост на тему: Этика искусственного интеллекта: вызовы и решения
Tue May 19 04:00:14 AM UTC 2026: ✅ Пост сгенерирован
✅ Готово!
Tue May 19 08:00:01 AM UTC 2026: 🤖 Генерируем пост на тему: Нейросети: новые архитектуры и модели 2026
Tue May 19 08:00:32 AM UTC 2026: ✅ Пост сгенерирован
✅ Готово!
Tue May 19 12:00:01 PM UTC 2026: 🤖 Генерируем пост на тему: Этика искусственного интеллекта: вызовы и решения
Tue May 19 12:01:11 PM UTC 2026: ✅ Пост сгенерирован
✅ Готово!
Tue May 19 04:00:01 PM UTC 2026: 🤖 Генерируем пост на тему: Нейросети: новые архитектуры и модели 2026
Tue May 19 04:00:18 PM UTC 2026: ✅ Пост сгенерирован
✅ Готово!
Tue May 19 08:00:01 PM UTC 2026: 🤖 Генерируем пост на тему: Этика искусственного интеллекта: вызовы и решения
Tue May 19 08:00:15 PM UTC 2026: ✅ Пост сгенерирован
✅ Готово!
Wed May 20 12:00:01 AM UTC 2026: 🤖 Генерируем пост на тему: Нейросети: новые архитектуры и модели 2026
Wed May 20 04:00:01 AM UTC 2026: 🤖 Генерируем пост на тему: Этика искусственного интеллекта: вызовы и решения
Wed May 20 04:00:54 AM UTC 2026: ✅ Пост сгенерирован
✅ Готово!
Wed May 20 08:00:01 AM UTC 2026: 🤖 Генерируем пост на тему: Нейросети: новые архитектуры и модели 2026
Wed May 20 08:01:18 AM UTC 2026: ✅ Пост сгенерирован
✅ Готово!
Wed May 20 12:00:01 PM UTC 2026: 🤖 Генерируем пост на тему: Этика искусственного интеллекта: вызовы и решения
Wed May 20 12:00:19 PM UTC 2026: ✅ Пост сгенерирован
✅ Готово!
Wed May 20 04:00:02 PM UTC 2026: 🤖 Генерируем пост на тему: Нейросети: новые архитектуры и модели 2026
Wed May 20 04:00:55 PM UTC 2026: ✅ Пост сгенерирован
✅ Готово!
Wed May 20 08:00:01 PM UTC 2026: 🤖 Генерируем пост на тему: Этика искусственного интеллекта: вызовы и решения
Wed May 20 08:00:29 PM UTC 2026: ✅ Пост сгенерирован
✅ Готово!
Thu May 21 12:00:01 AM UTC 2026: 🤖 Генерируем пост на тему: Нейросети: новые архитектуры и модели 2026
Thu May 21 12:01:19 AM UTC 2026: ✅ Пост сгенерирован
✅ Готово!
Thu May 21 04:00:01 AM UTC 2026: 🤖 Генерируем пост на тему: Этика искусственного интеллекта: вызовы и решения
Thu May 21 04:01:34 AM UTC 2026: ✅ Пост сгенерирован
✅ Готово!
Thu May 21 08:00:02 AM UTC 2026: 🤖 Генерируем пост на тему: Нейросети: новые архитектуры и модели 2026
Thu May 21 08:00:31 AM UTC 2026: ✅ Пост сгенерирован
✅ Готово!
Thu May 21 12:00:01 PM UTC 2026: 🤖 Генерируем пост на тему: Этика искусственного интеллекта: вызовы и решения
Thu May 21 12:00:17 PM UTC 2026: ✅ Пост сгенерирован
✅ Готово!
Thu May 21 04:00:01 PM UTC 2026: 🤖 Генерируем пост на тему: Нейросети: новые архитектуры и модели 2026
Thu May 21 08:00:01 PM UTC 2026: 🤖 Генерируем пост на тему: Этика искусственного интеллекта: вызовы и решения
Fri May 22 12:00:01 AM UTC 2026: 🤖 Генерируем пост на тему: Нейросети: новые архитектуры и модели 2026
Fri May 22 04:00:01 AM UTC 2026: 🤖 Генерируем пост на тему: Этика искусственного интеллекта: вызовы и решения
Fri May 22 04:01:07 AM UTC 2026: ✅ Пост сгенерирован
✅ Готово!
Fri May 22 08:00:01 AM UTC 2026: 🤖 Генерируем пост на тему: Нейросети: новые архитектуры и модели 2026
Fri May 22 08:00:25 AM UTC 2026: ✅ Пост сгенерирован
✅ Готово!
Fri May 22 12:00:01 PM UTC 2026: 🤖 Генерируем пост на тему: Этика искусственного интеллекта: вызовы и решения
Fri May 22 12:03:24 PM UTC 2026: ✅ Пост сгенерирован
✅ Готово!
Fri May 22 04:00:01 PM UTC 2026: 🤖 Генерируем пост на тему: Нейросети: новые архитектуры и модели 2026
Fri May 22 04:00:24 PM UTC 2026: ✅ Пост сгенерирован
✅ Готово!
Fri May 22 08:00:01 PM UTC 2026: 🤖 Генерируем пост на тему: Этика искусственного интеллекта: вызовы и решения
Sat May 23 12:00:01 AM UTC 2026: 🤖 Генерируем пост на тему: Нейросети: новые архитектуры и модели 2026
Sat May 23 04:00:01 AM UTC 2026: 🤖 Генерируем пост на тему: Этика искусственного интеллекта: вызовы и решения
Sat May 23 04:00:22 AM UTC 2026: ✅ Пост сгенерирован
✅ Готово!
Sat May 23 08:00:01 AM UTC 2026: 🤖 Генерируем пост на тему: Нейросети: новые архитектуры и модели 2026
Sat May 23 08:01:36 AM UTC 2026: ✅ Пост сгенерирован
✅ Готово!
Sat May 23 12:00:01 PM UTC 2026: 🤖 Генерируем пост на тему: Этика искусственного интеллекта: вызовы и решения
Sat May 23 12:00:17 PM UTC 2026: ✅ Пост сгенерирован
✅ Готово!
Sat May 23 04:00:01 PM UTC 2026: 🤖 Генерируем пост на тему: Нейросети: новые архитектуры и модели 2026
Sat May 23 08:00:01 PM UTC 2026: 🤖 Генерируем пост на тему: Этика искусственного интеллекта: вызовы и решения
Sat May 23 08:00:15 PM UTC 2026: ✅ Пост сгенерирован
✅ Готово!
Sun May 24 12:00:01 AM UTC 2026: 🤖 Генерируем пост на тему: Нейросети: новые архитектуры и модели 2026
Sun May 24 12:00:49 AM UTC 2026: ✅ Пост сгенерирован
✅ Готово!
Sun May 24 04:00:01 AM UTC 2026: 🤖 Генерируем пост на тему: Этика искусственного интеллекта: вызовы и решения
Sun May 24 04:00:39 AM UTC 2026: ✅ Пост сгенерирован
✅ Готово!
Sun May 24 08:00:01 AM UTC 2026: 🤖 Генерируем пост на тему: Нейросети: новые архитектуры и модели 2026
Sun May 24 08:00:23 AM UTC 2026: ✅ Пост сгенерирован
✅ Готово!
Sun May 24 12:00:01 PM UTC 2026: 🤖 Генерируем пост на тему: Этика искусственного интеллекта: вызовы и решения
Sun May 24 12:00:15 PM UTC 2026: ✅ Пост сгенерирован
✅ Готово!
Sun May 24 04:00:01 PM UTC 2026: 🤖 Генерируем пост на тему: Нейросети: новые архитектуры и модели 2026
Sun May 24 04:00:19 PM UTC 2026: ✅ Пост сгенерирован
✅ Готово!
Sun May 24 08:00:02 PM UTC 2026: 🤖 Генерируем пост на тему: Этика искусственного интеллекта: вызовы и решения
Sun May 24 08:01:02 PM UTC 2026: ✅ Пост сгенерирован
✅ Готово!
Mon May 25 12:00:01 AM UTC 2026: 🤖 Генерируем пост на тему: Нейросети: новые архитектуры и модели 2026
Mon May 25 12:00:33 AM UTC 2026: ✅ Пост сгенерирован
✅ Готово!
Mon May 25 04:00:01 AM UTC 2026: 🤖 Генерируем пост на тему: Этика искусственного интеллекта: вызовы и решения
Mon May 25 04:01:03 AM UTC 2026: ✅ Пост сгенерирован
✅ Готово!
Mon May 25 08:00:01 AM UTC 2026: 🤖 Генерируем пост на тему: Нейросети: новые архитектуры и модели 2026
Mon May 25 08:01:06 AM UTC 2026: ✅ Пост сгенерирован
✅ Готово!
Mon May 25 12:00:01 PM UTC 2026: 🤖 Генерируем пост на тему: Этика искусственного интеллекта: вызовы и решения
Mon May 25 12:00:43 PM UTC 2026: ✅ Пост сгенерирован
✅ Готово!
Mon May 25 04:00:01 PM UTC 2026: 🤖 Генерируем пост на тему: Нейросети: новые архитектуры и модели 2026
Mon May 25 04:00:15 PM UTC 2026: ✅ Пост сгенерирован
✅ Готово!
Mon May 25 08:00:01 PM UTC 2026: 🤖 Генерируем пост на тему: Этика искусственного интеллекта: вызовы и решения
Mon May 25 08:00:34 PM UTC 2026: ✅ Пост сгенерирован
✅ Готово!
Tue May 26 12:00:01 AM UTC 2026: 🤖 Генерируем пост на тему: Нейросети: новые архитектуры и модели 2026
Tue May 26 12:00:41 AM UTC 2026: ✅ Пост сгенерирован
✅ Готово!
Tue May 26 04:00:01 AM UTC 2026: 🤖 Генерируем пост на тему: Этика искусственного интеллекта: вызовы и решения
Tue May 26 08:00:01 AM UTC 2026: 🤖 Генерируем пост на тему: Нейросети: новые архитектуры и модели 2026
Tue May 26 08:01:07 AM UTC 2026: ✅ Пост сгенерирован
✅ Готово!
Tue May 26 12:00:01 PM UTC 2026: 🤖 Генерируем пост на тему: Этика искусственного интеллекта: вызовы и решения
Tue May 26 12:01:03 PM UTC 2026: ✅ Пост сгенерирован
✅ Готово!
Tue May 26 04:00:01 PM UTC 2026: 🤖 Генерируем пост на тему: Нейросети: новые архитектуры и модели 2026
Tue May 26 04:00:42 PM UTC 2026: ✅ Пост сгенерирован
✅ Готово!
Tue May 26 08:00:01 PM UTC 2026: 🤖 Генерируем пост на тему: Этика искусственного интеллекта: вызовы и решения
Tue May 26 08:00:38 PM UTC 2026: ✅ Пост сгенерирован
✅ Готово!
Wed May 27 12:00:01 AM UTC 2026: 🤖 Генерируем пост на тему: Нейросети: новые архитектуры и модели 2026
Wed May 27 12:00:51 AM UTC 2026: ✅ Пост сгенерирован
✅ Готово!
Wed May 27 04:00:01 AM UTC 2026: 🤖 Генерируем пост на тему: Этика искусственного интеллекта: вызовы и решения
Wed May 27 04:01:14 AM UTC 2026: ✅ Пост сгенерирован
✅ Готово!
Wed May 27 08:00:01 AM UTC 2026: 🤖 Генерируем пост на тему: Нейросети: новые архитектуры и модели 2026
Wed May 27 08:00:16 AM UTC 2026: ✅ Пост сгенерирован
✅ Готово!
Wed May 27 12:00:01 PM UTC 2026: 🤖 Генерируем пост на тему: Этика искусственного интеллекта: вызовы и решения
Wed May 27 12:02:50 PM UTC 2026: ✅ Пост сгенерирован
✅ Готово!
Wed May 27 04:00:01 PM UTC 2026: 🤖 Генерируем пост на тему: Нейросети: новые архитектуры и модели 2026
Wed May 27 04:00:24 PM UTC 2026: ✅ Пост сгенерирован
✅ Готово!
Wed May 27 08:00:01 PM UTC 2026: 🤖 Генерируем пост на тему: Этика искусственного интеллекта: вызовы и решения
Thu May 28 12:00:01 AM UTC 2026: 🤖 Генерируем пост на тему: Нейросети: новые архитектуры и модели 2026
Thu May 28 04:00:01 AM UTC 2026: 🤖 Генерируем пост на тему: Этика искусственного интеллекта: вызовы и решения
Thu May 28 04:00:23 AM UTC 2026: ✅ Пост сгенерирован
✅ Готово!
Thu May 28 08:00:01 AM UTC 2026: 🤖 Генерируем пост на тему: Нейросети: новые архитектуры и модели 2026
Thu May 28 08:00:32 AM UTC 2026: ✅ Пост сгенерирован
✅ Готово!
Thu May 28 12:00:01 PM UTC 2026: 🤖 Генерируем пост на тему: Этика искусственного интеллекта: вызовы и решения
Thu May 28 12:01:18 PM UTC 2026: ✅ Пост сгенерирован
✅ Готово!
Thu May 28 04:00:01 PM UTC 2026: 🤖 Генерируем пост на тему: Нейросети: новые архитектуры и модели 2026
Thu May 28 04:00:15 PM UTC 2026: ✅ Пост сгенерирован
✅ Готово!
Thu May 28 08:00:01 PM UTC 2026: 🤖 Генерируем пост на тему: Этика искусственного интеллекта: вызовы и решения
Thu May 28 08:00:15 PM UTC 2026: ✅ Пост сгенерирован
✅ Готово!
Fri May 29 12:00:02 AM UTC 2026: 🤖 Генерируем пост на тему: Нейросети: новые архитектуры и модели 2026
Fri May 29 12:01:01 AM UTC 2026: ✅ Пост сгенерирован
✅ Готово!
Fri May 29 04:00:01 AM UTC 2026: 🤖 Генерируем пост на тему: Этика искусственного интеллекта: вызовы и решения
Fri May 29 04:00:32 AM UTC 2026: ✅ Пост сгенерирован
✅ Готово!
Fri May 29 08:00:01 AM UTC 2026: 🤖 Генерируем пост на тему: Нейросети: новые архитектуры и модели 2026
Fri May 29 08:00:19 AM UTC 2026: ✅ Пост сгенерирован
✅ Готово!
Fri May 29 12:00:01 PM UTC 2026: 🤖 Генерируем пост на тему: Этика искусственного интеллекта: вызовы и решения
Fri May 29 04:00:01 PM UTC 2026: 🤖 Генерируем пост на тему: Нейросети: новые архитектуры и модели 2026
Fri May 29 04:00:14 PM UTC 2026: ✅ Пост сгенерирован
✅ Готово!
Fri May 29 08:00:01 PM UTC 2026: 🤖 Генерируем пост на тему: Этика искусственного интеллекта: вызовы и решения
Fri May 29 08:00:50 PM UTC 2026: ✅ Пост сгенерирован
✅ Готово!
Sat May 30 12:00:02 AM UTC 2026: 🤖 Генерируем пост на тему: Нейросети: новые архитектуры и модели 2026
Sat May 30 12:00:31 AM UTC 2026: ✅ Пост сгенерирован
✅ Готово!
Sat May 30 04:00:01 AM UTC 2026: 🤖 Генерируем пост на тему: Этика искусственного интеллекта: вызовы и решения
Sat May 30 04:00:23 AM UTC 2026: ✅ Пост сгенерирован
✅ Готово!
Sat May 30 08:00:01 AM UTC 2026: 🤖 Генерируем пост на тему: Нейросети: новые архитектуры и модели 2026
Sat May 30 12:00:01 PM UTC 2026: 🤖 Генерируем пост на тему: Этика искусственного интеллекта: вызовы и решения
Sat May 30 12:00:16 PM UTC 2026: ✅ Пост сгенерирован
✅ Готово!
Sat May 30 04:00:01 PM UTC 2026: 🤖 Генерируем пост на тему: Нейросети: новые архитектуры и модели 2026
Sat May 30 08:00:01 PM UTC 2026: 🤖 Генерируем пост на тему: Этика искусственного интеллекта: вызовы и решения
Sun May 31 12:00:01 AM UTC 2026: 🤖 Генерируем пост на тему: Нейросети: новые архитектуры и модели 2026
Sun May 31 12:00:35 AM UTC 2026: ✅ Пост сгенерирован
✅ Готово!
Sun May 31 04:00:01 AM UTC 2026: 🤖 Генерируем пост на тему: Этика искусственного интеллекта: вызовы и решения
Sun May 31 04:00:24 AM UTC 2026: ✅ Пост сгенерирован
✅ Готово!
Sun May 31 08:00:01 AM UTC 2026: 🤖 Генерируем пост на тему: Нейросети: новые архитектуры и модели 2026
Sun May 31 12:00:01 PM UTC 2026: 🤖 Генерируем пост на тему: Этика искусственного интеллекта: вызовы и решения
Sun May 31 12:02:39 PM UTC 2026: ✅ Пост сгенерирован
✅ Готово!
Sun May 31 04:00:01 PM UTC 2026: 🤖 Генерируем пост на тему: Нейросети: новые архитектуры и модели 2026
Sun May 31 08:00:01 PM UTC 2026: 🤖 Генерируем пост на тему: Этика искусственного интеллекта: вызовы и решения
Sun May 31 08:00:27 PM UTC 2026: ✅ Пост сгенерирован
✅ Готово!
Mon Jun  1 12:00:02 AM UTC 2026: 🤖 Генерируем пост на тему: Нейросети: новые архитектуры и модели 2026
Mon Jun  1 12:01:26 AM UTC 2026: ✅ Пост сгенерирован
✅ Готово!
Mon Jun  1 04:00:01 AM UTC 2026: 🤖 Генерируем пост на тему: Этика искусственного интеллекта: вызовы и решения
Mon Jun  1 04:00:33 AM UTC 2026: ✅ Пост сгенерирован
✅ Готово!
Mon Jun  1 08:00:01 AM UTC 2026: 🤖 Генерируем пост на тему: Нейросети: новые архитектуры и модели 2026
Mon Jun  1 08:00:17 AM UTC 2026: ✅ Пост сгенерирован
✅ Готово!
Mon Jun  1 12:00:01 PM UTC 2026: 🤖 Генерируем пост на тему: Этика искусственного интеллекта: вызовы и решения
Mon Jun  1 12:01:55 PM UTC 2026: ✅ Пост сгенерирован
✅ Готово!
Mon Jun  1 04:00:01 PM UTC 2026: 🤖 Генерируем пост на тему: Нейросети: новые архитектуры и модели 2026
Mon Jun  1 08:00:01 PM UTC 2026: 🤖 Генерируем пост на тему: Этика искусственного интеллекта: вызовы и решения
Mon Jun  1 08:00:14 PM UTC 2026: ✅ Пост сгенерирован
✅ Готово!
Tue Jun  2 12:00:01 AM UTC 2026: 🤖 Генерируем пост на тему: Нейросети: новые архитектуры и модели 2026
Tue Jun  2 04:00:01 AM UTC 2026: 🤖 Генерируем пост на тему: Этика искусственного интеллекта: вызовы и решения
Tue Jun  2 04:00:17 AM UTC 2026: ✅ Пост сгенерирован
✅ Готово!
Tue Jun  2 08:00:01 AM UTC 2026: 🤖 Генерируем пост на тему: Нейросети: новые архитектуры и модели 2026
Tue Jun  2 08:00:31 AM UTC 2026: ✅ Пост сгенерирован
✅ Готово!
Tue Jun  2 12:00:01 PM UTC 2026: 🤖 Генерируем пост на тему: Этика искусственного интеллекта: вызовы и решения
Tue Jun  2 04:00:01 PM UTC 2026: 🤖 Генерируем пост на тему: Нейросети: новые архитектуры и модели 2026
Tue Jun  2 04:00:23 PM UTC 2026: ✅ Пост сгенерирован
✅ Готово!
Tue Jun  2 08:00:01 PM UTC 2026: 🤖 Генерируем пост на тему: Этика искусственного интеллекта: вызовы и решения
Tue Jun  2 08:00:26 PM UTC 2026: ✅ Пост сгенерирован
✅ Готово!
Wed Jun  3 12:00:01 AM UTC 2026: 🤖 Генерируем пост на тему: Нейросети: новые архитектуры и модели 2026
Wed Jun  3 12:00:32 AM UTC 2026: ✅ Пост сгенерирован
✅ Готово!
Wed Jun  3 04:00:01 AM UTC 2026: 🤖 Генерируем пост на тему: Этика искусственного интеллекта: вызовы и решения
Wed Jun  3 04:00:32 AM UTC 2026: ✅ Пост сгенерирован
✅ Готово!
Wed Jun  3 08:00:01 AM UTC 2026: 🤖 Генерируем пост на тему: Нейросети: новые архитектуры и модели 2026
Wed Jun  3 08:01:42 AM UTC 2026: ✅ Пост сгенерирован
✅ Готово!
Wed Jun  3 12:00:01 PM UTC 2026: 🤖 Генерируем пост на тему: Этика искусственного интеллекта: вызовы и решения
Wed Jun  3 04:00:02 PM UTC 2026: 🤖 Генерируем пост на тему: Нейросети: новые архитектуры и модели 2026
Wed Jun  3 04:00:24 PM UTC 2026: ✅ Пост сгенерирован
✅ Готово!
Wed Jun  3 08:00:01 PM UTC 2026: 🤖 Генерируем пост на тему: Этика искусственного интеллекта: вызовы и решения
Wed Jun  3 08:00:18 PM UTC 2026: ✅ Пост сгенерирован
✅ Готово!
Thu Jun  4 12:00:01 AM UTC 2026: 🤖 Генерируем пост на тему: Нейросети: новые архитектуры и модели 2026
Thu Jun  4 12:01:20 AM UTC 2026: ✅ Пост сгенерирован
✅ Готово!
Thu Jun  4 04:00:01 AM UTC 2026: 🤖 Генерируем пост на тему: Этика искусственного интеллекта: вызовы и решения
Thu Jun  4 04:01:01 AM UTC 2026: ✅ Пост сгенерирован
✅ Готово!
Thu Jun  4 08:00:01 AM UTC 2026: 🤖 Генерируем пост на тему: Нейросети: новые архитектуры и модели 2026
Thu Jun  4 08:00:20 AM UTC 2026: ✅ Пост сгенерирован
✅ Готово!
Thu Jun  4 12:00:01 PM UTC 2026: 🤖 Генерируем пост на тему: Этика искусственного интеллекта: вызовы и решения
Thu Jun  4 12:00:16 PM UTC 2026: ✅ Пост сгенерирован
✅ Готово!
Thu Jun  4 04:00:01 PM UTC 2026: 🤖 Генерируем пост на тему: Нейросети: новые архитектуры и модели 2026
Thu Jun  4 04:00:40 PM UTC 2026: ✅ Пост сгенерирован
✅ Готово!
Thu Jun  4 08:00:01 PM UTC 2026: 🤖 Генерируем пост на тему: Этика искусственного интеллекта: вызовы и решения
Thu Jun  4 08:01:26 PM UTC 2026: ✅ Пост сгенерирован
✅ Готово!
Fri Jun  5 12:00:01 AM UTC 2026: 🤖 Генерируем пост на тему: Нейросети: новые архитектуры и модели 2026
Fri Jun  5 12:00:18 AM UTC 2026: ✅ Пост сгенерирован
✅ Готово!
Fri Jun  5 04:00:01 AM UTC 2026: 🤖 Генерируем пост на тему: Этика искусственного интеллекта: вызовы и решения
Fri Jun  5 08:00:01 AM UTC 2026: 🤖 Генерируем пост на тему: Нейросети: новые архитектуры и модели 2026
Fri Jun  5 08:01:20 AM UTC 2026: ✅ Пост сгенерирован
✅ Готово!
Fri Jun  5 12:00:01 PM UTC 2026: 🤖 Генерируем пост на тему: Этика искусственного интеллекта: вызовы и решения
Fri Jun  5 12:00:30 PM UTC 2026: ✅ Пост сгенерирован
✅ Готово!
Fri Jun  5 04:00:01 PM UTC 2026: 🤖 Генерируем пост на тему: Нейросети: новые архитектуры и модели 2026
Fri Jun  5 04:00:23 PM UTC 2026: ✅ Пост сгенерирован
✅ Готово!
Fri Jun  5 08:00:01 PM UTC 2026: 🤖 Генерируем пост на тему: Этика искусственного интеллекта: вызовы и решения
Fri Jun  5 08:01:40 PM UTC 2026: ✅ Пост сгенерирован
✅ Готово!
Sat Jun  6 12:00:01 AM UTC 2026: 🤖 Генерируем пост на тему: Нейросети: новые архитектуры и модели 2026
Sat Jun  6 12:00:50 AM UTC 2026: ✅ Пост сгенерирован
✅ Готово!
Sat Jun  6 04:00:01 AM UTC 2026: 🤖 Генерируем пост на тему: Этика искусственного интеллекта: вызовы и решения
Sat Jun  6 08:00:01 AM UTC 2026: 🤖 Генерируем пост на тему: Нейросети: новые архитектуры и модели 2026
Sat Jun  6 08:00:28 AM UTC 2026: ✅ Пост сгенерирован
✅ Готово!
Sat Jun  6 12:00:01 PM UTC 2026: 🤖 Генерируем пост на тему: Этика искусственного интеллекта: вызовы и решения
Sat Jun  6 04:00:01 PM UTC 2026: 🤖 Генерируем пост на тему: Нейросети: новые архитектуры и модели 2026
Sat Jun  6 04:02:05 PM UTC 2026: ✅ Пост сгенерирован
✅ Готово!
Sat Jun  6 08:00:01 PM UTC 2026: 🤖 Генерируем пост на тему: Этика искусственного интеллекта: вызовы и решения
Sun Jun  7 12:00:01 AM UTC 2026: 🤖 Генерируем пост на тему: Нейросети: новые архитектуры и модели 2026
Sun Jun  7 12:00:28 AM UTC 2026: ✅ Пост сгенерирован
✅ Готово!
Sun Jun  7 04:00:01 AM UTC 2026: 🤖 Генерируем пост на тему: Этика искусственного интеллекта: вызовы и решения
Sun Jun  7 08:00:02 AM UTC 2026: 🤖 Генерируем пост на тему: Нейросети: новые архитектуры и модели 2026
Sun Jun  7 12:00:01 PM UTC 2026: 🤖 Генерируем пост на тему: Этика искусственного интеллекта: вызовы и решения
Sun Jun  7 12:01:42 PM UTC 2026: ✅ Пост сгенерирован
✅ Готово!
Sun Jun  7 04:00:02 PM UTC 2026: 🤖 Генерируем пост на тему: Нейросети: новые архитектуры и модели 2026
Sun Jun  7 04:00:27 PM UTC 2026: ✅ Пост сгенерирован
✅ Готово!
Sun Jun  7 08:00:01 PM UTC 2026: 🤖 Генерируем пост на тему: Этика искусственного интеллекта: вызовы и решения
Sun Jun  7 08:00:21 PM UTC 2026: ✅ Пост сгенерирован
✅ Готово!
Mon Jun  8 12:00:01 AM UTC 2026: 🤖 Генерируем пост на тему: Нейросети: новые архитектуры и модели 2026
Mon Jun  8 04:00:02 AM UTC 2026: 🤖 Генерируем пост на тему: Этика искусственного интеллекта: вызовы и решения
Mon Jun  8 08:00:01 AM UTC 2026: 🤖 Генерируем пост на тему: Нейросети: новые архитектуры и модели 2026
Mon Jun  8 12:00:01 PM UTC 2026: 🤖 Генерируем пост на тему: Этика искусственного интеллекта: вызовы и решения
Mon Jun  8 04:00:01 PM UTC 2026: 🤖 Генерируем пост на тему: Нейросети: новые архитектуры и модели 2026
Mon Jun  8 08:00:01 PM UTC 2026: 🤖 Генерируем пост на тему: Этика искусственного интеллекта: вызовы и решения
Tue Jun  9 12:00:01 AM UTC 2026: 🤖 Генерируем пост на тему: Нейросети: новые архитектуры и модели 2026
Tue Jun  9 12:01:23 AM UTC 2026: ✅ Пост сгенерирован
✅ Готово!
Tue Jun  9 04:00:01 AM UTC 2026: 🤖 Генерируем пост на тему: Этика искусственного интеллекта: вызовы и решения
Tue Jun  9 04:00:36 AM UTC 2026: ✅ Пост сгенерирован
✅ Готово!
Tue Jun  9 08:00:01 AM UTC 2026: 🤖 Генерируем пост на тему: Нейросети: новые архитектуры и модели 2026
Tue Jun  9 12:00:01 PM UTC 2026: 🤖 Генерируем пост на тему: Этика искусственного интеллекта: вызовы и решения
Tue Jun  9 12:00:20 PM UTC 2026: ✅ Пост сгенерирован
✅ Готово!
Tue Jun  9 04:00:01 PM UTC 2026: 🤖 Генерируем пост на тему: Нейросети: новые архитектуры и модели 2026
Tue Jun  9 04:00:15 PM UTC 2026: ✅ Пост сгенерирован
✅ Готово!
Tue Jun  9 08:00:01 PM UTC 2026: 🤖 Генерируем пост на тему: Этика искусственного интеллекта: вызовы и решения
Wed Jun 10 12:00:01 AM UTC 2026: 🤖 Генерируем пост на тему: Нейросети: новые архитектуры и модели 2026
Wed Jun 10 04:00:01 AM UTC 2026: 🤖 Генерируем пост на тему: Этика искусственного интеллекта: вызовы и решения
Wed Jun 10 04:00:34 AM UTC 2026: ✅ Пост сгенерирован
✅ Готово!
Wed Jun 10 08:00:01 AM UTC 2026: 🤖 Генерируем пост на тему: Нейросети: новые архитектуры и модели 2026
Wed Jun 10 12:00:01 PM UTC 2026: 🤖 Генерируем пост на тему: Этика искусственного интеллекта: вызовы и решения
Wed Jun 10 12:00:19 PM UTC 2026: ✅ Пост сгенерирован
✅ Готово!
Wed Jun 10 04:00:01 PM UTC 2026: 🤖 Генерируем пост на тему: Нейросети: новые архитектуры и модели 2026
Wed Jun 10 04:00:58 PM UTC 2026: ✅ Пост сгенерирован
✅ Готово!
Wed Jun 10 08:00:01 PM UTC 2026: 🤖 Генерируем пост на тему: Этика искусственного интеллекта: вызовы и решения
Wed Jun 10 08:00:15 PM UTC 2026: ✅ Пост сгенерирован
✅ Готово!
Thu Jun 11 12:00:01 AM UTC 2026: 🤖 Генерируем пост на тему: Нейросети: новые архитектуры и модели 2026
Thu Jun 11 12:01:09 AM UTC 2026: ✅ Пост сгенерирован
✅ Готово!
Thu Jun 11 04:00:01 AM UTC 2026: 🤖 Генерируем пост на тему: Этика искусственного интеллекта: вызовы и решения
Thu Jun 11 04:01:06 AM UTC 2026: ✅ Пост сгенерирован
✅ Готово!
Thu Jun 11 08:00:01 AM UTC 2026: 🤖 Генерируем пост на тему: Нейросети: новые архитектуры и модели 2026
Thu Jun 11 08:01:45 AM UTC 2026: ✅ Пост сгенерирован
✅ Готово!
Thu Jun 11 12:00:01 PM UTC 2026: 🤖 Генерируем пост на тему: Этика искусственного интеллекта: вызовы и решения
Thu Jun 11 12:01:20 PM UTC 2026: ✅ Пост сгенерирован
✅ Готово!
Thu Jun 11 04:00:01 PM UTC 2026: 🤖 Генерируем пост на тему: Нейросети: новые архитектуры и модели 2026
Thu Jun 11 04:01:38 PM UTC 2026: ✅ Пост сгенерирован
✅ Готово!
Thu Jun 11 08:00:01 PM UTC 2026: 🤖 Генерируем пост на тему: Этика искусственного интеллекта: вызовы и решения
Thu Jun 11 08:00:12 PM UTC 2026: ✅ Пост сгенерирован
✅ Готово!
Fri Jun 12 12:00:01 AM UTC 2026: 🤖 Генерируем пост на тему: Нейросети: новые архитектуры и модели 2026
Fri Jun 12 12:00:39 AM UTC 2026: ✅ Пост сгенерирован
✅ Готово!
Fri Jun 12 04:00:01 AM UTC 2026: 🤖 Генерируем пост на тему: Этика искусственного интеллекта: вызовы и решения
Fri Jun 12 08:00:01 AM UTC 2026: 🤖 Генерируем пост на тему: Нейросети: новые архитектуры и модели 2026
Fri Jun 12 12:00:01 PM UTC 2026: 🤖 Генерируем пост на тему: Этика искусственного интеллекта: вызовы и решения
Fri Jun 12 12:01:55 PM UTC 2026: ✅ Пост сгенерирован
✅ Готово!
Fri Jun 12 04:00:01 PM UTC 2026: 🤖 Генерируем пост на тему: Нейросети: новые архитектуры и модели 2026
Fri Jun 12 04:00:19 PM UTC 2026: ✅ Пост сгенерирован
✅ Готово!
Fri Jun 12 08:00:02 PM UTC 2026: 🤖 Генерируем пост на тему: Этика искусственного интеллекта: вызовы и решения
Fri Jun 12 08:00:26 PM UTC 2026: ✅ Пост сгенерирован
✅ Готово!
Sat Jun 13 12:00:01 AM UTC 2026: 🤖 Генерируем пост на тему: Нейросети: новые архитектуры и модели 2026
Sat Jun 13 12:00:58 AM UTC 2026: ✅ Пост сгенерирован
✅ Готово!
Sat Jun 13 04:00:01 AM UTC 2026: 🤖 Генерируем пост на тему: Этика искусственного интеллекта: вызовы и решения
Sat Jun 13 04:00:32 AM UTC 2026: ✅ Пост сгенерирован
✅ Готово!
Sat Jun 13 08:00:01 AM UTC 2026: 🤖 Генерируем пост на тему: Нейросети: новые архитектуры и модели 2026
Sat Jun 13 08:00:13 AM UTC 2026: ✅ Пост сгенерирован
✅ Готово!
Sat Jun 13 12:00:01 PM UTC 2026: 🤖 Генерируем пост на тему: Этика искусственного интеллекта: вызовы и решения
Sat Jun 13 04:00:01 PM UTC 2026: 🤖 Генерируем пост на тему: Нейросети: новые архитектуры и модели 2026
Sat Jun 13 04:00:23 PM UTC 2026: ✅ Пост сгенерирован
✅ Готово!
Sat Jun 13 08:00:02 PM UTC 2026: 🤖 Генерируем пост на тему: Этика искусственного интеллекта: вызовы и решения
Sun Jun 14 12:00:01 AM UTC 2026: 🤖 Генерируем пост на тему: Нейросети: новые архитектуры и модели 2026
Sun Jun 14 12:00:51 AM UTC 2026: ✅ Пост сгенерирован
✅ Готово!
Sun Jun 14 04:00:01 AM UTC 2026: 🤖 Генерируем пост на тему: Этика искусственного интеллекта: вызовы и решения
Sun Jun 14 04:00:18 AM UTC 2026: ✅ Пост сгенерирован
✅ Готово!
Sun Jun 14 08:00:01 AM UTC 2026: 🤖 Генерируем пост на тему: Нейросети: новые архитектуры и модели 2026
Sun Jun 14 08:00:18 AM UTC 2026: ✅ Пост сгенерирован
✅ Готово!
Sun Jun 14 12:00:01 PM UTC 2026: 🤖 Генерируем пост на тему: Этика искусственного интеллекта: вызовы и решения
Sun Jun 14 12:00:12 PM UTC 2026: ✅ Пост сгенерирован
✅ Готово!
Sun Jun 14 04:00:01 PM UTC 2026: 🤖 Генерируем пост на тему: Нейросети: новые архитектуры и модели 2026
Sun Jun 14 04:00:20 PM UTC 2026: ✅ Пост сгенерирован
✅ Готово!
Sun Jun 14 08:00:01 PM UTC 2026: 🤖 Генерируем пост на тему: Этика искусственного интеллекта: вызовы и решения
Sun Jun 14 08:00:16 PM UTC 2026: ✅ Пост сгенерирован
✅ Готово!
Mon Jun 15 12:00:01 AM UTC 2026: 🤖 Генерируем пост на тему: Нейросети: новые архитектуры и модели 2026
Mon Jun 15 12:01:12 AM UTC 2026: ✅ Пост сгенерирован
✅ Готово!
Mon Jun 15 04:00:01 AM UTC 2026: 🤖 Генерируем пост на тему: Этика искусственного интеллекта: вызовы и решения
Mon Jun 15 08:00:01 AM UTC 2026: 🤖 Генерируем пост на тему: Нейросети: новые архитектуры и модели 2026
Mon Jun 15 12:00:01 PM UTC 2026: 🤖 Генерируем пост на тему: Этика искусственного интеллекта: вызовы и решения
Mon Jun 15 12:01:09 PM UTC 2026: ✅ Пост сгенерирован
✅ Готово!
Mon Jun 15 04:00:01 PM UTC 2026: 🤖 Генерируем пост на тему: Нейросети: новые архитектуры и модели 2026
Mon Jun 15 08:00:01 PM UTC 2026: 🤖 Генерируем пост на тему: Этика искусственного интеллекта: вызовы и решения
Mon Jun 15 08:00:17 PM UTC 2026: ✅ Пост сгенерирован
✅ Готово!
Tue Jun 16 12:00:02 AM UTC 2026: 🤖 Генерируем пост на тему: Нейросети: новые архитектуры и модели 2026
Tue Jun 16 12:01:33 AM UTC 2026: ✅ Пост сгенерирован
✅ Готово!
Tue Jun 16 04:00:01 AM UTC 2026: 🤖 Генерируем пост на тему: Этика искусственного интеллекта: вызовы и решения
Tue Jun 16 04:00:16 AM UTC 2026: ✅ Пост сгенерирован
✅ Готово!
Tue Jun 16 08:00:01 AM UTC 2026: 🤖 Генерируем пост на тему: Нейросети: новые архитектуры и модели 2026
Tue Jun 16 08:00:32 AM UTC 2026: ✅ Пост сгенерирован
✅ Готово!
Tue Jun 16 12:00:01 PM UTC 2026: 🤖 Генерируем пост на тему: Этика искусственного интеллекта: вызовы и решения
Tue Jun 16 12:00:53 PM UTC 2026: ✅ Пост сгенерирован
✅ Готово!
Tue Jun 16 04:00:01 PM UTC 2026: 🤖 Генерируем пост на тему: Нейросети: новые архитектуры и модели 2026
Tue Jun 16 04:00:29 PM UTC 2026: ✅ Пост сгенерирован
✅ Готово!
Tue Jun 16 08:00:01 PM UTC 2026: 🤖 Генерируем пост на тему: Этика искусственного интеллекта: вызовы и решения
Tue Jun 16 08:00:47 PM UTC 2026: ✅ Пост сгенерирован
✅ Готово!
Wed Jun 17 12:00:01 AM UTC 2026: 🤖 Генерируем пост на тему: Нейросети: новые архитектуры и модели 2026
Wed Jun 17 12:00:24 AM UTC 2026: ✅ Пост сгенерирован
✅ Готово!
Wed Jun 17 04:00:01 AM UTC 2026: 🤖 Генерируем пост на тему: Этика искусственного интеллекта: вызовы и решения
Wed Jun 17 08:00:01 AM UTC 2026: 🤖 Генерируем пост на тему: Нейросети: новые архитектуры и модели 2026
Wed Jun 17 08:00:51 AM UTC 2026: ✅ Пост сгенерирован
✅ Готово!
Wed Jun 17 12:00:01 PM UTC 2026: 🤖 Генерируем пост на тему: Этика искусственного интеллекта: вызовы и решения
Wed Jun 17 12:01:10 PM UTC 2026: ✅ Пост сгенерирован
✅ Готово!
Wed Jun 17 04:00:01 PM UTC 2026: 🤖 Генерируем пост на тему: Нейросети: новые архитектуры и модели 2026
Wed Jun 17 04:00:21 PM UTC 2026: ✅ Пост сгенерирован
✅ Готово!
Wed Jun 17 08:00:01 PM UTC 2026: 🤖 Генерируем пост на тему: Этика искусственного интеллекта: вызовы и решения
Wed Jun 17 08:00:43 PM UTC 2026: ✅ Пост сгенерирован
✅ Готово!
Thu Jun 18 12:00:01 AM UTC 2026: 🤖 Генерируем пост на тему: Нейросети: новые архитектуры и модели 2026
Thu Jun 18 12:01:05 AM UTC 2026: ✅ Пост сгенерирован
✅ Готово!
Thu Jun 18 04:00:01 AM UTC 2026: 🤖 Генерируем пост на тему: Этика искусственного интеллекта: вызовы и решения
Thu Jun 18 04:00:21 AM UTC 2026: ✅ Пост сгенерирован
✅ Готово!
Thu Jun 18 08:00:01 AM UTC 2026: 🤖 Генерируем пост на тему: Нейросети: новые архитектуры и модели 2026
Thu Jun 18 12:00:01 PM UTC 2026: 🤖 Генерируем пост на тему: Этика искусственного интеллекта: вызовы и решения
Thu Jun 18 12:01:40 PM UTC 2026: ✅ Пост сгенерирован
✅ Готово!
Thu Jun 18 04:00:01 PM UTC 2026: 🤖 Генерируем пост на тему: Нейросети: новые архитектуры и модели 2026
Thu Jun 18 04:01:26 PM UTC 2026: ✅ Пост сгенерирован
✅ Готово!
Thu Jun 18 08:00:01 PM UTC 2026: 🤖 Генерируем пост на тему: Этика искусственного интеллекта: вызовы и решения
Thu Jun 18 08:00:30 PM UTC 2026: ✅ Пост сгенерирован
✅ Готово!
Fri Jun 19 12:00:01 AM UTC 2026: 🤖 Генерируем пост на тему: Нейросети: новые архитектуры и модели 2026
Fri Jun 19 04:00:01 AM UTC 2026: 🤖 Генерируем пост на тему: Этика искусственного интеллекта: вызовы и решения
Fri Jun 19 04:00:55 AM UTC 2026: ✅ Пост сгенерирован
✅ Готово!
Fri Jun 19 08:00:01 AM UTC 2026: 🤖 Генерируем пост на тему: Нейросети: новые архитектуры и модели 2026
Fri Jun 19 08:00:29 AM UTC 2026: ✅ Пост сгенерирован
✅ Готово!
Fri Jun 19 12:00:02 PM UTC 2026: 🤖 Генерируем пост на тему: Этика искусственного интеллекта: вызовы и решения
Fri Jun 19 04:00:01 PM UTC 2026: 🤖 Генерируем пост на тему: Нейросети: новые архитектуры и модели 2026
Fri Jun 19 08:00:01 PM UTC 2026: 🤖 Генерируем пост на тему: Этика искусственного интеллекта: вызовы и решения
Sat Jun 20 12:00:01 AM UTC 2026: 🤖 Генерируем пост на тему: Нейросети: новые архитектуры и модели 2026
Sat Jun 20 04:00:01 AM UTC 2026: 🤖 Генерируем пост на тему: Этика искусственного интеллекта: вызовы и решения
Sat Jun 20 04:00:51 AM UTC 2026: ✅ Пост сгенерирован
✅ Готово!
Sat Jun 20 08:00:01 AM UTC 2026: 🤖 Генерируем пост на тему: Нейросети: новые архитектуры и модели 2026
Sat Jun 20 08:00:26 AM UTC 2026: ✅ Пост сгенерирован
✅ Готово!
Sat Jun 20 12:00:01 PM UTC 2026: 🤖 Генерируем пост на тему: Этика искусственного интеллекта: вызовы и решения
Sat Jun 20 04:00:01 PM UTC 2026: 🤖 Генерируем пост на тему: Нейросети: новые архитектуры и модели 2026
Sat Jun 20 04:00:30 PM UTC 2026: ✅ Пост сгенерирован
✅ Готово!
Sat Jun 20 08:00:01 PM UTC 2026: 🤖 Генерируем пост на тему: Этика искусственного интеллекта: вызовы и решения
Sat Jun 20 08:00:26 PM UTC 2026: ✅ Пост сгенерирован
✅ Готово!
Sun Jun 21 12:00:01 AM UTC 2026: 🤖 Генерируем пост на тему: Нейросети: новые архитектуры и модели 2026
Sun Jun 21 12:00:33 AM UTC 2026: ✅ Пост сгенерирован
✅ Готово!
Sun Jun 21 04:00:01 AM UTC 2026: 🤖 Генерируем пост на тему: Этика искусственного интеллекта: вызовы и решения
Sun Jun 21 04:00:30 AM UTC 2026: ✅ Пост сгенерирован
✅ Готово!
Sun Jun 21 08:00:01 AM UTC 2026: 🤖 Генерируем пост на тему: Нейросети: новые архитектуры и модели 2026
Sun Jun 21 12:00:01 PM UTC 2026: 🤖 Генерируем пост на тему: Этика искусственного интеллекта: вызовы и решения
Sun Jun 21 04:00:01 PM UTC 2026: 🤖 Генерируем пост на тему: Нейросети: новые архитектуры и модели 2026
Sun Jun 21 04:00:54 PM UTC 2026: ✅ Пост сгенерирован
✅ Готово!
Sun Jun 21 08:00:01 PM UTC 2026: 🤖 Генерируем пост на тему: Этика искусственного интеллекта: вызовы и решения
Sun Jun 21 08:01:27 PM UTC 2026: ✅ Пост сгенерирован
✅ Готово!
Mon Jun 22 12:00:01 AM UTC 2026: 🤖 Генерируем пост на тему: Нейросети: новые архитектуры и модели 2026
Mon Jun 22 12:00:17 AM UTC 2026: ✅ Пост сгенерирован
✅ Готово!
Mon Jun 22 04:00:01 AM UTC 2026: 🤖 Генерируем пост на тему: Этика искусственного интеллекта: вызовы и решения
Mon Jun 22 04:00:28 AM UTC 2026: ✅ Пост сгенерирован
✅ Готово!
Mon Jun 22 08:00:01 AM UTC 2026: 🤖 Генерируем пост на тему: Нейросети: новые архитектуры и модели 2026
Mon Jun 22 08:00:29 AM UTC 2026: ✅ Пост сгенерирован
✅ Готово!
Mon Jun 22 12:00:01 PM UTC 2026: 🤖 Генерируем пост на тему: Этика искусственного интеллекта: вызовы и решения
Mon Jun 22 12:01:31 PM UTC 2026: ✅ Пост сгенерирован
✅ Готово!
Mon Jun 22 04:00:01 PM UTC 2026: 🤖 Генерируем пост на тему: Нейросети: новые архитектуры и модели 2026
Mon Jun 22 04:00:29 PM UTC 2026: ✅ Пост сгенерирован
✅ Готово!
Mon Jun 22 08:00:01 PM UTC 2026: 🤖 Генерируем пост на тему: Этика искусственного интеллекта: вызовы и решения
Mon Jun 22 08:00:16 PM UTC 2026: ✅ Пост сгенерирован
✅ Готово!
Tue Jun 23 12:00:01 AM UTC 2026: 🤖 Генерируем пост на тему: Нейросети: новые архитектуры и модели 2026
Tue Jun 23 04:00:01 AM UTC 2026: 🤖 Генерируем пост на тему: Этика искусственного интеллекта: вызовы и решения
Tue Jun 23 08:00:01 AM UTC 2026: 🤖 Генерируем пост на тему: Нейросети: новые архитектуры и модели 2026
Tue Jun 23 08:00:28 AM UTC 2026: ✅ Пост сгенерирован
✅ Готово!
