Thu May  7 10:34:45 AM UTC 2026: ❌ Ошибка генерации
Thu May  7 10:37:44 AM UTC 2026: ❌ Ошибка
Thu May  7 03:00:09 PM UTC 2026: ❌ Ошибка
Thu May  7 08:00:34 PM UTC 2026: ❌ Ошибка
Fri May  8 12:01:15 AM UTC 2026: ❌ Ошибка
Fri May  8 03:00:07 AM UTC 2026: ❌ Ошибка
Fri May  8 04:00:14 AM UTC 2026: ❌ Ошибка
Fri May  8 08:00:54 AM UTC 2026: ❌ Ошибка
Fri May  8 10:00:07 PM UTC 2026: ❌ Ошибка
Sat May  9 12:01:18 AM UTC 2026: ❌ Ошибка
Sat May  9 04:00:09 AM UTC 2026: ❌ Ошибка генерации
Sat May  9 06:00:12 AM UTC 2026: ❌ Ошибка
Sat May  9 12:00:15 PM UTC 2026: ❌ Ошибка
Sat May  9 02:00:07 PM UTC 2026: ❌ Ошибка
Sat May  9 08:00:58 PM UTC 2026: ❌ Ошибка
Sun May 10 06:00:15 AM UTC 2026: ❌ Ошибка
Sun May 10 04:00:05 PM UTC 2026: ❌ Ошибка генерации
Mon May 11 12:01:11 AM UTC 2026: ❌ Ошибка
Mon May 11 02:00:18 AM UTC 2026: ❌ Ошибка
Mon May 11 06:00:08 AM UTC 2026: ❌ Ошибка
Mon May 11 08:00:16 AM UTC 2026: ❌ Ошибка генерации
Mon May 11 12:01:08 PM UTC 2026: ❌ Ошибка
Mon May 11 04:00:09 PM UTC 2026: ❌ Ошибка
Mon May 11 04:00:14 PM UTC 2026: ❌ Ошибка генерации
Mon May 11 09:00:16 PM UTC 2026: ❌ Ошибка
Tue May 12 02:00:17 AM UTC 2026: ❌ Ошибка
Tue May 12 12:00:27 PM UTC 2026: ❌ Ошибка генерации
Tue May 12 02:00:08 PM UTC 2026: ❌ Ошибка
Tue May 12 04:00:21 PM UTC 2026: ❌ Ошибка
Wed May 13 02:00:17 AM UTC 2026: ❌ Ошибка
Wed May 13 04:00:24 AM UTC 2026: ❌ Ошибка
Wed May 13 06:01:00 AM UTC 2026: ❌ Ошибка
Wed May 13 12:01:09 PM UTC 2026: ❌ Ошибка
Wed May 13 08:00:10 PM UTC 2026: ❌ Ошибка
Wed May 13 10:00:18 PM UTC 2026: ❌ Ошибка
Thu May 14 04:00:06 AM UTC 2026: ❌ Ошибка генерации
Thu May 14 09:00:07 AM UTC 2026: ❌ Ошибка
Thu May 14 04:00:16 PM UTC 2026: ❌ Ошибка
Thu May 14 10:00:26 PM UTC 2026: ❌ Ошибка
Fri May 15 04:00:07 AM UTC 2026: ❌ Ошибка генерации
Fri May 15 04:00:11 AM UTC 2026: ❌ Ошибка
Fri May 15 08:00:16 AM UTC 2026: ❌ Ошибка
Fri May 15 12:01:16 PM UTC 2026: ❌ Ошибка
Sat May 16 12:00:27 AM UTC 2026: ❌ Ошибка
Sat May 16 12:00:42 PM UTC 2026: ❌ Ошибка генерации
Sun May 17 04:00:08 AM UTC 2026: ❌ Ошибка генерации
Sun May 17 08:00:23 AM UTC 2026: ❌ Ошибка
Sun May 17 04:00:05 PM UTC 2026: ❌ Ошибка генерации
Sun May 17 04:00:21 PM UTC 2026: ❌ Ошибка
Sun May 17 06:00:43 PM UTC 2026: ❌ Ошибка
Sun May 17 08:00:07 PM UTC 2026: ❌ Ошибка генерации
Sun May 17 08:00:11 PM UTC 2026: ❌ Ошибка
Mon May 18 06:00:06 AM UTC 2026: ❌ Ошибка
Mon May 18 12:00:10 PM UTC 2026: ❌ Ошибка
Mon May 18 02:00:04 PM UTC 2026: ❌ Ошибка
Mon May 18 04:00:24 PM UTC 2026: ❌ Ошибка генерации
Mon May 18 09:00:05 PM UTC 2026: ❌ Ошибка
Tue May 19 03:00:11 AM UTC 2026: ❌ Ошибка
Tue May 19 08:00:24 PM UTC 2026: ❌ Ошибка
Wed May 20 12:00:06 AM UTC 2026: ❌ Ошибка генерации
Wed May 20 06:00:36 AM UTC 2026: ❌ Ошибка
Thu May 21 03:00:08 AM UTC 2026: ❌ Ошибка
Thu May 21 04:00:30 AM UTC 2026: ❌ Ошибка
Thu May 21 08:00:19 AM UTC 2026: ❌ Ошибка
Thu May 21 12:00:47 PM UTC 2026: ❌ Ошибка
Thu May 21 12:00:54 PM UTC 2026: ❌ Ошибка
Thu May 21 02:00:07 PM UTC 2026: ❌ Ошибка
Thu May 21 04:00:19 PM UTC 2026: ❌ Ошибка генерации
Thu May 21 06:00:06 PM UTC 2026: ❌ Ошибка
Thu May 21 08:00:19 PM UTC 2026: ❌ Ошибка генерации
Fri May 22 12:00:07 AM UTC 2026: ❌ Ошибка генерации
Fri May 22 09:00:05 AM UTC 2026: ❌ Ошибка
Fri May 22 02:00:10 PM UTC 2026: ❌ Ошибка
Fri May 22 04:00:11 PM UTC 2026: ❌ Ошибка
Fri May 22 06:00:24 PM UTC 2026: ❌ Ошибка
Fri May 22 06:00:28 PM UTC 2026: ❌ Ошибка
Fri May 22 08:00:19 PM UTC 2026: ❌ Ошибка генерации
Sat May 23 12:00:05 AM UTC 2026: ❌ Ошибка генерации
Sat May 23 12:00:19 AM UTC 2026: ❌ Ошибка
Sat May 23 02:00:14 AM UTC 2026: ❌ Ошибка
Sat May 23 04:00:38 AM UTC 2026: ❌ Ошибка
Sat May 23 06:00:11 AM UTC 2026: ❌ Ошибка
Sat May 23 04:00:36 PM UTC 2026: ❌ Ошибка генерации
Sun May 24 08:00:35 AM UTC 2026: ❌ Ошибка
Sun May 24 09:00:06 AM UTC 2026: ❌ Ошибка
Sun May 24 10:00:28 AM UTC 2026: ❌ Ошибка
Sun May 24 08:00:13 PM UTC 2026: ❌ Ошибка
Mon May 25 08:00:21 AM UTC 2026: ❌ Ошибка
Mon May 25 09:00:11 AM UTC 2026: ❌ Ошибка
Tue May 26 12:00:10 AM UTC 2026: ❌ Ошибка
Tue May 26 12:00:11 AM UTC 2026: ❌ Ошибка
Tue May 26 04:00:29 AM UTC 2026: ❌ Ошибка генерации
Tue May 26 06:00:27 AM UTC 2026: ❌ Ошибка
Wed May 27 06:00:26 PM UTC 2026: ❌ Ошибка
Wed May 27 08:00:37 PM UTC 2026: ❌ Ошибка генерации
Wed May 27 10:00:30 PM UTC 2026: ❌ Ошибка
Thu May 28 12:00:24 AM UTC 2026: ❌ Ошибка генерации
Thu May 28 02:00:06 AM UTC 2026: ❌ Ошибка
Thu May 28 04:00:12 AM UTC 2026: ❌ Ошибка
Thu May 28 08:00:58 AM UTC 2026: ❌ Ошибка
Thu May 28 12:01:35 PM UTC 2026: ❌ Ошибка
Thu May 28 02:00:09 PM UTC 2026: ❌ Ошибка
Thu May 28 04:00:23 PM UTC 2026: ❌ Ошибка
Thu May 28 06:00:18 PM UTC 2026: ❌ Ошибка
Thu May 28 06:00:26 PM UTC 2026: ❌ Ошибка
Thu May 28 08:00:22 PM UTC 2026: ❌ Ошибка
Fri May 29 02:00:08 AM UTC 2026: ❌ Ошибка
Fri May 29 03:00:06 AM UTC 2026: ❌ Ошибка
Fri May 29 06:00:26 AM UTC 2026: ❌ Ошибка
Fri May 29 08:00:25 AM UTC 2026: ❌ Ошибка
Fri May 29 10:00:07 AM UTC 2026: ❌ Ошибка
Fri May 29 12:00:05 PM UTC 2026: ❌ Ошибка генерации
Sat May 30 12:00:38 AM UTC 2026: ❌ Ошибка
Sat May 30 04:00:27 AM UTC 2026: ❌ Ошибка
Sat May 30 06:00:36 AM UTC 2026: ❌ Ошибка
Sat May 30 08:00:05 AM UTC 2026: ❌ Ошибка
Sat May 30 08:00:11 AM UTC 2026: ❌ Ошибка генерации
Sat May 30 10:00:16 AM UTC 2026: ❌ Ошибка
Sat May 30 04:00:53 PM UTC 2026: ❌ Ошибка генерации
Sat May 30 06:00:34 PM UTC 2026: ❌ Ошибка
Sat May 30 08:00:06 PM UTC 2026: ❌ Ошибка генерации
Sat May 30 08:00:13 PM UTC 2026: ❌ Ошибка
Sat May 30 10:00:06 PM UTC 2026: ❌ Ошибка
Sun May 31 12:00:08 AM UTC 2026: ❌ Ошибка
Sun May 31 04:00:29 AM UTC 2026: ❌ Ошибка
Sun May 31 06:00:06 AM UTC 2026: ❌ Ошибка
Sun May 31 08:00:07 AM UTC 2026: ❌ Ошибка генерации
Sun May 31 09:00:06 AM UTC 2026: ❌ Ошибка
Sun May 31 10:00:06 AM UTC 2026: ❌ Ошибка
Sun May 31 04:00:06 PM UTC 2026: ❌ Ошибка генерации
Sun May 31 06:01:05 PM UTC 2026: ❌ Ошибка
Mon Jun  1 04:00:10 PM UTC 2026: ❌ Ошибка генерации
Mon Jun  1 06:00:07 PM UTC 2026: ❌ Ошибка
Mon Jun  1 10:00:06 PM UTC 2026: ❌ Ошибка
Tue Jun  2 12:00:46 AM UTC 2026: ❌ Ошибка генерации
Tue Jun  2 02:00:11 AM UTC 2026: ❌ Ошибка
Tue Jun  2 12:00:08 PM UTC 2026: ❌ Ошибка генерации
Tue Jun  2 02:00:20 PM UTC 2026: ❌ Ошибка
Tue Jun  2 08:00:07 PM UTC 2026: ❌ Ошибка
Tue Jun  2 09:00:07 PM UTC 2026: ❌ Ошибка
Wed Jun  3 02:00:08 AM UTC 2026: ❌ Ошибка
Wed Jun  3 08:00:06 AM UTC 2026: ❌ Ошибка
Wed Jun  3 10:00:09 AM UTC 2026: ❌ Ошибка
Wed Jun  3 12:00:09 PM UTC 2026: ❌ Ошибка генерации
Wed Jun  3 12:00:15 PM UTC 2026: ❌ Ошибка
Wed Jun  3 09:00:03 PM UTC 2026: ❌ Ошибка
Thu Jun  4 04:01:10 AM UTC 2026: ❌ Ошибка
Thu Jun  4 09:00:06 AM UTC 2026: ❌ Ошибка
Fri Jun  5 04:00:15 AM UTC 2026: ❌ Ошибка генерации
Fri Jun  5 06:00:15 AM UTC 2026: ❌ Ошибка
Fri Jun  5 03:00:16 PM UTC 2026: ❌ Ошибка
Fri Jun  5 04:00:28 PM UTC 2026: ❌ Ошибка
Fri Jun  5 09:01:01 PM UTC 2026: ❌ Ошибка
Sat Jun  6 12:00:55 AM UTC 2026: ❌ Ошибка
Sat Jun  6 12:04:29 AM UTC 2026: ❌ Ошибка
Sat Jun  6 02:00:08 AM UTC 2026: ❌ Ошибка
Sat Jun  6 04:00:06 AM UTC 2026: ❌ Ошибка генерации
Sat Jun  6 06:00:05 AM UTC 2026: ❌ Ошибка
Sat Jun  6 10:03:20 AM UTC 2026: ❌ Ошибка
Sat Jun  6 12:04:18 PM UTC 2026: ❌ Ошибка генерации
Sat Jun  6 03:00:21 PM UTC 2026: ❌ Ошибка
Sat Jun  6 06:01:03 PM UTC 2026: ❌ Ошибка
Sat Jun  6 08:01:04 PM UTC 2026: ❌ Ошибка генерации
Sun Jun  7 12:09:23 AM UTC 2026: ❌ Ошибка
Sun Jun  7 04:01:35 AM UTC 2026: ❌ Ошибка генерации
Sun Jun  7 06:00:28 AM UTC 2026: ❌ Ошибка
Sun Jun  7 08:00:06 AM UTC 2026: ❌ Ошибка генерации
Sun Jun  7 08:03:51 AM UTC 2026: ❌ Ошибка
Sun Jun  7 12:00:57 PM UTC 2026: ❌ Ошибка
Sun Jun  7 03:04:46 PM UTC 2026: ❌ Ошибка
Sun Jun  7 04:00:32 PM UTC 2026: ❌ Ошибка
Sun Jun  7 06:01:05 PM UTC 2026: ❌ Ошибка
Sun Jun  7 09:00:06 PM UTC 2026: ❌ Ошибка
Mon Jun  8 12:00:46 AM UTC 2026: ❌ Ошибка генерации
Mon Jun  8 12:00:50 AM UTC 2026: ❌ Ошибка
Mon Jun  8 04:04:08 AM UTC 2026: ❌ Ошибка генерации
Mon Jun  8 06:00:08 AM UTC 2026: ❌ Ошибка
Mon Jun  8 08:04:14 AM UTC 2026: ❌ Ошибка генерации
Mon Jun  8 12:01:01 PM UTC 2026: ❌ Ошибка генерации
Mon Jun  8 04:00:05 PM UTC 2026: ❌ Ошибка генерации
Mon Jun  8 04:00:08 PM UTC 2026: ❌ Ошибка
Mon Jun  8 06:00:48 PM UTC 2026: ❌ Ошибка
Mon Jun  8 08:00:06 PM UTC 2026: ❌ Ошибка генерации
Mon Jun  8 10:03:47 PM UTC 2026: ❌ Ошибка
Tue Jun  9 03:03:40 AM UTC 2026: ❌ Ошибка
Tue Jun  9 08:00:06 AM UTC 2026: ❌ Ошибка генерации
Tue Jun  9 12:04:08 PM UTC 2026: ❌ Ошибка
Tue Jun  9 12:05:02 PM UTC 2026: ❌ Ошибка
Tue Jun  9 08:00:05 PM UTC 2026: ❌ Ошибка генерации
Tue Jun  9 10:00:06 PM UTC 2026: ❌ Ошибка
Wed Jun 10 12:01:08 AM UTC 2026: ❌ Ошибка генерации
Wed Jun 10 12:01:16 AM UTC 2026: ❌ Ошибка
Wed Jun 10 06:00:12 AM UTC 2026: ❌ Ошибка
Wed Jun 10 08:00:11 AM UTC 2026: ❌ Ошибка генерации
Wed Jun 10 12:00:57 PM UTC 2026: ❌ Ошибка
Wed Jun 10 09:00:07 PM UTC 2026: ❌ Ошибка
Thu Jun 11 12:00:08 PM UTC 2026: ❌ Ошибка
Thu Jun 11 02:00:05 PM UTC 2026: ❌ Ошибка
Thu Jun 11 06:00:11 PM UTC 2026: ❌ Ошибка
Thu Jun 11 06:00:15 PM UTC 2026: ❌ Ошибка
Thu Jun 11 08:00:18 PM UTC 2026: ❌ Ошибка
Thu Jun 11 10:00:18 PM UTC 2026: ❌ Ошибка
Fri Jun 12 12:00:56 AM UTC 2026: ❌ Ошибка
Fri Jun 12 12:01:00 AM UTC 2026: ❌ Ошибка
Fri Jun 12 04:00:19 AM UTC 2026: ❌ Ошибка генерации
Fri Jun 12 08:00:19 AM UTC 2026: ❌ Ошибка генерации
Fri Jun 12 10:00:06 AM UTC 2026: ❌ Ошибка
Fri Jun 12 03:00:07 PM UTC 2026: ❌ Ошибка
Fri Jun 12 04:00:22 PM UTC 2026: ❌ Ошибка
Fri Jun 12 09:00:07 PM UTC 2026: ❌ Ошибка
Sat Jun 13 12:00:39 AM UTC 2026: ❌ Ошибка
Sat Jun 13 10:00:18 AM UTC 2026: ❌ Ошибка
Sat Jun 13 12:00:35 PM UTC 2026: ❌ Ошибка
Sat Jun 13 12:00:39 PM UTC 2026: ❌ Ошибка
Sat Jun 13 12:00:47 PM UTC 2026: ❌ Ошибка генерации
Sat Jun 13 06:00:20 PM UTC 2026: ❌ Ошибка
Sat Jun 13 06:00:29 PM UTC 2026: ❌ Ошибка
Sat Jun 13 08:00:22 PM UTC 2026: ❌ Ошибка генерации
Sun Jun 14 03:00:07 AM UTC 2026: ❌ Ошибка
Sun Jun 14 09:00:03 AM UTC 2026: ❌ Ошибка
Sun Jun 14 02:00:11 PM UTC 2026: ❌ Ошибка
Sun Jun 14 06:00:05 PM UTC 2026: ❌ Ошибка
Sun Jun 14 09:00:04 PM UTC 2026: ❌ Ошибка
Mon Jun 15 04:00:21 AM UTC 2026: ❌ Ошибка генерации
Mon Jun 15 06:00:07 AM UTC 2026: ❌ Ошибка
Mon Jun 15 08:00:23 AM UTC 2026: ❌ Ошибка генерации
