Thu May  7 10:44:06 AM UTC 2026: ✅ Спецконтент (comparison) опубликован
Thu May  7 12:00:01 PM UTC 2026: 🎲 Генерируем спецконтент: comparison
🎨 Генерируем изображение для: comparison
Thu May  7 12:02:16 PM UTC 2026: ✅ Спецконтент (comparison) опубликован
✅ Спецконтент 'comparison' обработан!
Fri May  8 12:00:01 PM UTC 2026: 🎲 Генерируем спецконтент: comparison
🎨 Генерируем изображение для: comparison
Fri May  8 12:01:01 PM UTC 2026: ✅ Спецконтент (comparison) опубликован
✅ Спецконтент 'comparison' обработан!
Sat May  9 10:00:01 AM UTC 2026: 🎲 Генерируем спецконтент: comparison
🎨 Генерируем изображение для: comparison
Sat May  9 10:01:47 AM UTC 2026: ✅ Спецконтент (comparison) опубликован
✅ Спецконтент 'comparison' обработан!
Sat May  9 12:00:01 PM UTC 2026: 🎲 Генерируем спецконтент: case
🎨 Генерируем изображение для: case
Sat May  9 12:00:14 PM UTC 2026: ✅ Спецконтент (case) опубликован
✅ Спецконтент 'case' обработан!
Sat May  9 03:00:01 PM UTC 2026: 🎲 Генерируем спецконтент: quote
🎨 Генерируем изображение для: quote
Sat May  9 03:01:40 PM UTC 2026: ⚠️ Текст (quote) опубликован без картинки
✅ Спецконтент 'quote' обработан!
Sat May  9 06:00:01 PM UTC 2026: 🎲 Генерируем спецконтент: review
🎨 Генерируем изображение для: review
Sat May  9 06:00:43 PM UTC 2026: ⚠️ Текст (review) опубликован без картинки
✅ Спецконтент 'review' обработан!
Sun May 10 10:00:01 AM UTC 2026: 🎲 Генерируем спецконтент: review
🎨 Генерируем изображение для: review
Sun May 10 10:00:20 AM UTC 2026: ✅ Спецконтент (review) опубликован
✅ Спецконтент 'review' обработан!
Sun May 10 12:00:01 PM UTC 2026: 🎲 Генерируем спецконтент: quote
✅ Спецконтент 'quote' обработан!
Sun May 10 03:00:01 PM UTC 2026: 🎲 Генерируем спецконтент: quote
🎨 Генерируем изображение для: quote
Sun May 10 03:00:18 PM UTC 2026: ✅ Спецконтент (quote) опубликован
✅ Спецконтент 'quote' обработан!
Sun May 10 06:00:01 PM UTC 2026: 🎲 Генерируем спецконтент: review
🎨 Генерируем изображение для: review
Sun May 10 06:01:33 PM UTC 2026: ⚠️ Текст (review) опубликован без картинки
✅ Спецконтент 'review' обработан!
Mon May 11 12:00:01 PM UTC 2026: 🎲 Генерируем спецконтент: quote
🎨 Генерируем изображение для: quote
Mon May 11 12:02:31 PM UTC 2026: ✅ Спецконтент (quote) опубликован
✅ Спецконтент 'quote' обработан!
Tue May 12 12:00:01 PM UTC 2026: 🎲 Генерируем спецконтент: quote
🎨 Генерируем изображение для: quote
Tue May 12 12:01:37 PM UTC 2026: ⚠️ Текст (quote) опубликован без картинки
✅ Спецконтент 'quote' обработан!
Wed May 13 12:00:01 PM UTC 2026: 🎲 Генерируем спецконтент: case
🎨 Генерируем изображение для: case
Wed May 13 12:00:29 PM UTC 2026: ✅ Спецконтент (case) опубликован
✅ Спецконтент 'case' обработан!
Thu May 14 12:00:02 PM UTC 2026: 🎲 Генерируем спецконтент: comparison
🎨 Генерируем изображение для: comparison
Thu May 14 12:00:16 PM UTC 2026: ✅ Спецконтент (comparison) опубликован
✅ Спецконтент 'comparison' обработан!
Fri May 15 12:00:01 PM UTC 2026: 🎲 Генерируем спецконтент: review
🎨 Генерируем изображение для: review
Fri May 15 12:00:41 PM UTC 2026: ✅ Спецконтент (review) опубликован
✅ Спецконтент 'review' обработан!
Sat May 16 10:00:01 AM UTC 2026: 🎲 Генерируем спецконтент: comparison
🎨 Генерируем изображение для: comparison
Sat May 16 10:00:35 AM UTC 2026: ✅ Спецконтент (comparison) опубликован
✅ Спецконтент 'comparison' обработан!
Sat May 16 12:00:01 PM UTC 2026: 🎲 Генерируем спецконтент: review
🎨 Генерируем изображение для: review
Sat May 16 12:00:30 PM UTC 2026: ✅ Спецконтент (review) опубликован
✅ Спецконтент 'review' обработан!
Sat May 16 03:00:01 PM UTC 2026: 🎲 Генерируем спецконтент: comparison
🎨 Генерируем изображение для: comparison
Sat May 16 03:00:31 PM UTC 2026: ✅ Спецконтент (comparison) опубликован
✅ Спецконтент 'comparison' обработан!
Sat May 16 06:00:01 PM UTC 2026: 🎲 Генерируем спецконтент: meme
🎨 Генерируем изображение для: meme
Sat May 16 06:00:03 PM UTC 2026: ⚠️ Текст (meme) опубликован без картинки
✅ Спецконтент 'meme' обработан!
Sun May 17 10:00:01 AM UTC 2026: 🎲 Генерируем спецконтент: review
🎨 Генерируем изображение для: review
Sun May 17 10:00:32 AM UTC 2026: ✅ Спецконтент (review) опубликован
✅ Спецконтент 'review' обработан!
Sun May 17 12:00:01 PM UTC 2026: 🎲 Генерируем спецконтент: review
✅ Спецконтент 'review' обработан!
Sun May 17 03:00:01 PM UTC 2026: 🎲 Генерируем спецконтент: meme
🎨 Генерируем изображение для: meme
Sun May 17 03:00:04 PM UTC 2026: ✅ Спецконтент (meme) опубликован
✅ Спецконтент 'meme' обработан!
Sun May 17 06:00:01 PM UTC 2026: 🎲 Генерируем спецконтент: case
🎨 Генерируем изображение для: case
Sun May 17 06:02:12 PM UTC 2026: ✅ Спецконтент (case) опубликован
✅ Спецконтент 'case' обработан!
Mon May 18 12:00:01 PM UTC 2026: 🎲 Генерируем спецконтент: quote
🎨 Генерируем изображение для: quote
Mon May 18 12:02:01 PM UTC 2026: ✅ Спецконтент (quote) опубликован
✅ Спецконтент 'quote' обработан!
Tue May 19 12:00:01 PM UTC 2026: 🎲 Генерируем спецконтент: quote
🎨 Генерируем изображение для: quote
Tue May 19 12:01:30 PM UTC 2026: ⚠️ Текст (quote) опубликован без картинки
✅ Спецконтент 'quote' обработан!
Wed May 20 12:00:01 PM UTC 2026: 🎲 Генерируем спецконтент: review
🎨 Генерируем изображение для: review
Wed May 20 12:02:18 PM UTC 2026: ✅ Спецконтент (review) опубликован
✅ Спецконтент 'review' обработан!
Thu May 21 12:00:01 PM UTC 2026: 🎲 Генерируем спецконтент: quote
🎨 Генерируем изображение для: quote
Thu May 21 12:00:31 PM UTC 2026: ✅ Спецконтент (quote) опубликован
✅ Спецконтент 'quote' обработан!
Fri May 22 12:00:01 PM UTC 2026: 🎲 Генерируем спецконтент: quote
✅ Спецконтент 'quote' обработан!
Sat May 23 10:00:01 AM UTC 2026: 🎲 Генерируем спецконтент: quote
🎨 Генерируем изображение для: quote
Sat May 23 10:00:18 AM UTC 2026: ✅ Спецконтент (quote) опубликован
✅ Спецконтент 'quote' обработан!
Sat May 23 12:00:01 PM UTC 2026: 🎲 Генерируем спецконтент: review
🎨 Генерируем изображение для: review
Sat May 23 12:00:53 PM UTC 2026: ⚠️ Текст (review) опубликован без картинки
✅ Спецконтент 'review' обработан!
Sat May 23 03:00:01 PM UTC 2026: 🎲 Генерируем спецконтент: meme
🎨 Генерируем изображение для: meme
Sat May 23 03:00:09 PM UTC 2026: ✅ Спецконтент (meme) опубликован
✅ Спецконтент 'meme' обработан!
Sat May 23 06:00:01 PM UTC 2026: 🎲 Генерируем спецконтент: meme
🎨 Генерируем изображение для: meme
Sat May 23 06:00:05 PM UTC 2026: ✅ Спецконтент (meme) опубликован
✅ Спецконтент 'meme' обработан!
Sun May 24 10:00:01 AM UTC 2026: 🎲 Генерируем спецконтент: case
✅ Спецконтент 'case' обработан!
Sun May 24 12:00:01 PM UTC 2026: 🎲 Генерируем спецконтент: review
🎨 Генерируем изображение для: review
Sun May 24 12:01:55 PM UTC 2026: ⚠️ Текст (review) опубликован без картинки
✅ Спецконтент 'review' обработан!
Sun May 24 03:00:01 PM UTC 2026: 🎲 Генерируем спецконтент: quote
🎨 Генерируем изображение для: quote
Sun May 24 03:01:49 PM UTC 2026: ✅ Спецконтент (quote) опубликован
✅ Спецконтент 'quote' обработан!
Sun May 24 06:00:01 PM UTC 2026: 🎲 Генерируем спецконтент: quote
✅ Спецконтент 'quote' обработан!
Mon May 25 12:00:01 PM UTC 2026: 🎲 Генерируем спецконтент: case
✅ Спецконтент 'case' обработан!
Tue May 26 12:00:01 PM UTC 2026: 🎲 Генерируем спецконтент: case
🎨 Генерируем изображение для: case
Tue May 26 12:00:22 PM UTC 2026: ✅ Спецконтент (case) опубликован
✅ Спецконтент 'case' обработан!
Wed May 27 12:00:01 PM UTC 2026: 🎲 Генерируем спецконтент: comparison
🎨 Генерируем изображение для: comparison
Wed May 27 12:00:25 PM UTC 2026: ✅ Спецконтент (comparison) опубликован
✅ Спецконтент 'comparison' обработан!
Thu May 28 12:00:01 PM UTC 2026: 🎲 Генерируем спецконтент: meme
🎨 Генерируем изображение для: meme
Thu May 28 12:00:07 PM UTC 2026: ✅ Спецконтент (meme) опубликован
✅ Спецконтент 'meme' обработан!
Fri May 29 12:00:01 PM UTC 2026: 🎲 Генерируем спецконтент: meme
🎨 Генерируем изображение для: meme
Fri May 29 12:00:05 PM UTC 2026: ✅ Спецконтент (meme) опубликован
✅ Спецконтент 'meme' обработан!
Sat May 30 10:00:01 AM UTC 2026: 🎲 Генерируем спецконтент: review
✅ Спецконтент 'review' обработан!
Sat May 30 12:00:01 PM UTC 2026: 🎲 Генерируем спецконтент: comparison
🎨 Генерируем изображение для: comparison
Sat May 30 12:02:13 PM UTC 2026: ⚠️ Текст (comparison) опубликован без картинки
✅ Спецконтент 'comparison' обработан!
Sat May 30 03:00:01 PM UTC 2026: 🎲 Генерируем спецконтент: review
🎨 Генерируем изображение для: review
Sat May 30 03:00:28 PM UTC 2026: ✅ Спецконтент (review) опубликован
✅ Спецконтент 'review' обработан!
Sat May 30 06:00:01 PM UTC 2026: 🎲 Генерируем спецконтент: review
✅ Спецконтент 'review' обработан!
Sun May 31 10:00:01 AM UTC 2026: 🎲 Генерируем спецконтент: review
🎨 Генерируем изображение для: review
Sun May 31 10:00:28 AM UTC 2026: ✅ Спецконтент (review) опубликован
✅ Спецконтент 'review' обработан!
Sun May 31 12:00:01 PM UTC 2026: 🎲 Генерируем спецконтент: comparison
🎨 Генерируем изображение для: comparison
Sun May 31 12:00:45 PM UTC 2026: ✅ Спецконтент (comparison) опубликован
✅ Спецконтент 'comparison' обработан!
Sun May 31 03:00:01 PM UTC 2026: 🎲 Генерируем спецконтент: meme
🎨 Генерируем изображение для: meme
Sun May 31 03:00:05 PM UTC 2026: ✅ Спецконтент (meme) опубликован
✅ Спецконтент 'meme' обработан!
Sun May 31 06:00:01 PM UTC 2026: 🎲 Генерируем спецконтент: quote
✅ Спецконтент 'quote' обработан!
Mon Jun  1 12:00:01 PM UTC 2026: 🎲 Генерируем спецконтент: review
🎨 Генерируем изображение для: review
Mon Jun  1 12:02:22 PM UTC 2026: ⚠️ Текст (review) опубликован без картинки
✅ Спецконтент 'review' обработан!
Tue Jun  2 12:00:01 PM UTC 2026: 🎲 Генерируем спецконтент: quote
🎨 Генерируем изображение для: quote
Tue Jun  2 12:00:45 PM UTC 2026: ⚠️ Текст (quote) опубликован без картинки
✅ Спецконтент 'quote' обработан!
Wed Jun  3 12:00:01 PM UTC 2026: 🎲 Генерируем спецконтент: meme
🎨 Генерируем изображение для: meme
Wed Jun  3 12:00:03 PM UTC 2026: ⚠️ Текст (meme) опубликован без картинки
✅ Спецконтент 'meme' обработан!
Thu Jun  4 12:00:01 PM UTC 2026: 🎲 Генерируем спецконтент: comparison
🎨 Генерируем изображение для: comparison
Thu Jun  4 12:01:57 PM UTC 2026: ⚠️ Текст (comparison) опубликован без картинки
✅ Спецконтент 'comparison' обработан!
Fri Jun  5 12:00:01 PM UTC 2026: 🎲 Генерируем спецконтент: comparison
🎨 Генерируем изображение для: comparison
Fri Jun  5 12:02:36 PM UTC 2026: ⚠️ Текст (comparison) опубликован без картинки
✅ Спецконтент 'comparison' обработан!
Sat Jun  6 10:00:01 AM UTC 2026: 🎲 Генерируем спецконтент: review
✅ Спецконтент 'review' обработан!
Sat Jun  6 12:00:01 PM UTC 2026: 🎲 Генерируем спецконтент: case
✅ Спецконтент 'case' обработан!
Sat Jun  6 03:00:01 PM UTC 2026: 🎲 Генерируем спецконтент: case
🎨 Генерируем изображение для: case
Sat Jun  6 03:00:20 PM UTC 2026: ⚠️ Текст (case) опубликован без картинки
✅ Спецконтент 'case' обработан!
Sat Jun  6 06:00:01 PM UTC 2026: 🎲 Генерируем спецконтент: comparison
🎨 Генерируем изображение для: comparison
Sat Jun  6 06:01:26 PM UTC 2026: ⚠️ Текст (comparison) опубликован без картинки
✅ Спецконтент 'comparison' обработан!
Sun Jun  7 10:00:01 AM UTC 2026: 🎲 Генерируем спецконтент: case
🎨 Генерируем изображение для: case
Sun Jun  7 10:00:15 AM UTC 2026: ⚠️ Текст (case) опубликован без картинки
✅ Спецконтент 'case' обработан!
Sun Jun  7 12:00:01 PM UTC 2026: 🎲 Генерируем спецконтент: review
🎨 Генерируем изображение для: review
Sun Jun  7 12:01:32 PM UTC 2026: ⚠️ Текст (review) опубликован без картинки
✅ Спецконтент 'review' обработан!
Sun Jun  7 03:00:01 PM UTC 2026: 🎲 Генерируем спецконтент: case
✅ Спецконтент 'case' обработан!
Sun Jun  7 06:00:01 PM UTC 2026: 🎲 Генерируем спецконтент: case
✅ Спецконтент 'case' обработан!
Mon Jun  8 12:00:01 PM UTC 2026: 🎲 Генерируем спецконтент: meme
🎨 Генерируем изображение для: meme
Mon Jun  8 12:00:03 PM UTC 2026: ⚠️ Текст (meme) опубликован без картинки
✅ Спецконтент 'meme' обработан!
Tue Jun  9 12:00:01 PM UTC 2026: 🎲 Генерируем спецконтент: comparison
🎨 Генерируем изображение для: comparison
Tue Jun  9 12:05:28 PM UTC 2026: ⚠️ Текст (comparison) опубликован без картинки
✅ Спецконтент 'comparison' обработан!
Wed Jun 10 12:00:01 PM UTC 2026: 🎲 Генерируем спецконтент: review
🎨 Генерируем изображение для: review
Wed Jun 10 12:00:35 PM UTC 2026: ⚠️ Текст (review) опубликован без картинки
✅ Спецконтент 'review' обработан!
Thu Jun 11 12:00:01 PM UTC 2026: 🎲 Генерируем спецконтент: review
🎨 Генерируем изображение для: review
Thu Jun 11 12:00:41 PM UTC 2026: ⚠️ Текст (review) опубликован без картинки
✅ Спецконтент 'review' обработан!
Fri Jun 12 12:00:02 PM UTC 2026: 🎲 Генерируем спецконтент: case
🎨 Генерируем изображение для: case
Fri Jun 12 12:00:56 PM UTC 2026: ⚠️ Текст (case) опубликован без картинки
✅ Спецконтент 'case' обработан!
Sat Jun 13 10:00:01 AM UTC 2026: 🎲 Генерируем спецконтент: case
🎨 Генерируем изображение для: case
Sat Jun 13 10:00:15 AM UTC 2026: ⚠️ Текст (case) опубликован без картинки
✅ Спецконтент 'case' обработан!
Sat Jun 13 12:00:01 PM UTC 2026: 🎲 Генерируем спецконтент: review
🎨 Генерируем изображение для: review
Sat Jun 13 12:00:18 PM UTC 2026: ⚠️ Текст (review) опубликован без картинки
✅ Спецконтент 'review' обработан!
Sat Jun 13 03:00:01 PM UTC 2026: 🎲 Генерируем спецконтент: meme
🎨 Генерируем изображение для: meme
Sat Jun 13 03:00:03 PM UTC 2026: ⚠️ Текст (meme) опубликован без картинки
✅ Спецконтент 'meme' обработан!
Sat Jun 13 06:00:01 PM UTC 2026: 🎲 Генерируем спецконтент: quote
🎨 Генерируем изображение для: quote
Sat Jun 13 06:00:12 PM UTC 2026: ⚠️ Текст (quote) опубликован без картинки
✅ Спецконтент 'quote' обработан!
Sun Jun 14 10:00:01 AM UTC 2026: 🎲 Генерируем спецконтент: comparison
🎨 Генерируем изображение для: comparison
Sun Jun 14 10:00:22 AM UTC 2026: ⚠️ Текст (comparison) опубликован без картинки
✅ Спецконтент 'comparison' обработан!
Sun Jun 14 12:00:01 PM UTC 2026: 🎲 Генерируем спецконтент: meme
🎨 Генерируем изображение для: meme
Sun Jun 14 12:00:03 PM UTC 2026: ⚠️ Текст (meme) опубликован без картинки
✅ Спецконтент 'meme' обработан!
Sun Jun 14 03:00:01 PM UTC 2026: 🎲 Генерируем спецконтент: review
🎨 Генерируем изображение для: review
Sun Jun 14 03:00:33 PM UTC 2026: ⚠️ Текст (review) опубликован без картинки
✅ Спецконтент 'review' обработан!
Sun Jun 14 06:00:02 PM UTC 2026: 🎲 Генерируем спецконтент: meme
🎨 Генерируем изображение для: meme
Sun Jun 14 06:00:03 PM UTC 2026: ⚠️ Текст (meme) опубликован без картинки
✅ Спецконтент 'meme' обработан!
